{"total": {"lines":{"total":56,"covered":55,"skipped":0,"pct":98.21},"statements":{"total":60,"covered":59,"skipped":0,"pct":98.33},"functions":{"total":13,"covered":13,"skipped":0,"pct":100},"branches":{"total":27,"covered":25,"skipped":0,"pct":92.59}}
,"/home/janpisa/development/public/npm/data-series-compression/src/compare/compare.model.ts": {"lines":{"total":3,"covered":3,"skipped":0,"pct":100},"functions":{"total":2,"covered":2,"skipped":0,"pct":100},"statements":{"total":3,"covered":3,"skipped":0,"pct":100},"branches":{"total":1,"covered":1,"skipped":0,"pct":100}}
,"/home/janpisa/development/public/npm/data-series-compression/src/compression/compression.service.ts": {"lines":{"total":51,"covered":50,"skipped":0,"pct":98.04},"functions":{"total":10,"covered":10,"skipped":0,"pct":100},"statements":{"total":54,"covered":53,"skipped":0,"pct":98.15},"branches":{"total":26,"covered":24,"skipped":0,"pct":92.31}}
,"/home/janpisa/development/public/npm/data-series-compression/src/data/point/point.model.ts": {"lines":{"total":2,"covered":2,"skipped":0,"pct":100},"functions":{"total":1,"covered":1,"skipped":0,"pct":100},"statements":{"total":3,"covered":3,"skipped":0,"pct":100},"branches":{"total":0,"covered":0,"skipped":0,"pct":100}}
}
